mode: set
github.com/adobe/butler/cmd/butler/main.go:50.38,51.28 1 1
github.com/adobe/butler/cmd/butler/main.go:52.15,53.24 1 1
github.com/adobe/butler/cmd/butler/main.go:54.14,55.23 1 1
github.com/adobe/butler/cmd/butler/main.go:56.14,57.23 1 1
github.com/adobe/butler/cmd/butler/main.go:58.15,59.24 1 1
github.com/adobe/butler/cmd/butler/main.go:60.15,61.24 1 1
github.com/adobe/butler/cmd/butler/main.go:62.15,63.24 1 1
github.com/adobe/butler/cmd/butler/main.go:64.10,66.23 2 1
github.com/adobe/butler/cmd/butler/main.go:70.13,99.18 6 0
github.com/adobe/butler/cmd/butler/main.go:99.18,102.3 2 0
github.com/adobe/butler/cmd/butler/main.go:106.2,106.17 1 0
github.com/adobe/butler/cmd/butler/main.go:106.17,109.3 2 0
github.com/adobe/butler/cmd/butler/main.go:111.2,111.23 1 0
github.com/adobe/butler/cmd/butler/main.go:111.23,113.3 1 0
github.com/adobe/butler/cmd/butler/main.go:115.2,118.39 3 0
github.com/adobe/butler/cmd/butler/main.go:118.39,120.3 1 0
github.com/adobe/butler/cmd/butler/main.go:122.2,128.16 3 0
github.com/adobe/butler/cmd/butler/main.go:128.16,130.3 1 0
github.com/adobe/butler/cmd/butler/main.go:132.2,132.21 1 0
github.com/adobe/butler/cmd/butler/main.go:133.23,136.34 3 0
github.com/adobe/butler/cmd/butler/main.go:136.34,137.103 1 0
github.com/adobe/butler/cmd/butler/main.go:137.104,138.5 0 0
github.com/adobe/butler/cmd/butler/main.go:138.10,140.5 1 0
github.com/adobe/butler/cmd/butler/main.go:141.4,141.33 1 0
github.com/adobe/butler/cmd/butler/main.go:142.40,146.10 4 0
github.com/adobe/butler/cmd/butler/main.go:147.12,148.82 1 0
github.com/adobe/butler/cmd/butler/main.go:152.3,153.32 2 0
github.com/adobe/butler/cmd/butler/main.go:153.32,155.4 1 0
github.com/adobe/butler/cmd/butler/main.go:156.3,161.32 4 0
github.com/adobe/butler/cmd/butler/main.go:161.32,163.4 1 0
github.com/adobe/butler/cmd/butler/main.go:164.3,169.37 4 0
github.com/adobe/butler/cmd/butler/main.go:169.37,171.4 1 0
github.com/adobe/butler/cmd/butler/main.go:172.3,173.37 2 0
github.com/adobe/butler/cmd/butler/main.go:173.37,175.4 1 0
github.com/adobe/butler/cmd/butler/main.go:176.3,179.25 4 0
github.com/adobe/butler/cmd/butler/main.go:180.12,182.28 2 0
github.com/adobe/butler/cmd/butler/main.go:182.28,184.4 1 0
github.com/adobe/butler/cmd/butler/main.go:185.3,186.24 2 0
github.com/adobe/butler/cmd/butler/main.go:186.24,188.4 1 0
github.com/adobe/butler/cmd/butler/main.go:188.9,190.4 1 0
github.com/adobe/butler/cmd/butler/main.go:192.3,193.28 2 0
github.com/adobe/butler/cmd/butler/main.go:193.28,195.4 1 0
github.com/adobe/butler/cmd/butler/main.go:195.9,197.4 1 0
github.com/adobe/butler/cmd/butler/main.go:199.3,200.25 2 0
github.com/adobe/butler/cmd/butler/main.go:200.25,202.4 1 0
github.com/adobe/butler/cmd/butler/main.go:202.9,204.4 1 0
github.com/adobe/butler/cmd/butler/main.go:205.3,210.25 6 0
github.com/adobe/butler/cmd/butler/main.go:211.14,214.23 3 0
github.com/adobe/butler/cmd/butler/main.go:214.23,216.4 1 0
github.com/adobe/butler/cmd/butler/main.go:216.9,218.4 1 0
github.com/adobe/butler/cmd/butler/main.go:219.3,220.24 2 0
github.com/adobe/butler/cmd/butler/main.go:220.24,222.4 1 0
github.com/adobe/butler/cmd/butler/main.go:222.9,224.4 1 0
github.com/adobe/butler/cmd/butler/main.go:225.3,225.25 1 0
github.com/adobe/butler/cmd/butler/main.go:226.14,232.33 6 0
github.com/adobe/butler/cmd/butler/main.go:232.33,234.4 1 0
github.com/adobe/butler/cmd/butler/main.go:235.3,238.25 4 0
github.com/adobe/butler/cmd/butler/main.go:239.14,241.25 2 0
github.com/adobe/butler/cmd/butler/main.go:242.10,244.25 2 0
github.com/adobe/butler/cmd/butler/main.go:248.2,249.28 2 0
github.com/adobe/butler/cmd/butler/main.go:249.28,251.3 1 0
github.com/adobe/butler/cmd/butler/main.go:252.2,256.33 3 0
github.com/adobe/butler/cmd/butler/main.go:256.33,258.3 1 0
github.com/adobe/butler/cmd/butler/main.go:263.2,263.6 1 0
github.com/adobe/butler/cmd/butler/main.go:263.6,268.17 4 0
github.com/adobe/butler/cmd/butler/main.go:268.17,269.21 1 0
github.com/adobe/butler/cmd/butler/main.go:269.21,271.5 1 0
github.com/adobe/butler/cmd/butler/main.go:272.4,273.31 2 0
github.com/adobe/butler/cmd/butler/main.go:274.9,276.9 2 0
github.com/adobe/butler/cmd/butler/main.go:281.2,296.19 11 0
github.com/adobe/butler/cmd/butler/main.go:296.19,298.3 1 0
github.com/adobe/butler/cmd/butler/main.go:298.8,300.3 1 0
