mode: set
github.com/adobe/butler/internal/methods/blob.go:42.68,49.40 2 0
github.com/adobe/butler/internal/methods/blob.go:49.40,51.17 2 0
github.com/adobe/butler/internal/methods/blob.go:51.17,53.4 1 0
github.com/adobe/butler/internal/methods/blob.go:56.2,59.87 3 0
github.com/adobe/butler/internal/methods/blob.go:59.87,61.3 1 0
github.com/adobe/butler/internal/methods/blob.go:62.2,62.29 1 0
github.com/adobe/butler/internal/methods/blob.go:62.29,64.3 1 0
github.com/adobe/butler/internal/methods/blob.go:66.2,66.92 1 0
github.com/adobe/butler/internal/methods/blob.go:66.92,68.3 1 0
github.com/adobe/butler/internal/methods/blob.go:69.2,69.33 1 0
github.com/adobe/butler/internal/methods/blob.go:69.33,71.3 1 0
github.com/adobe/butler/internal/methods/blob.go:73.2,74.16 2 0
github.com/adobe/butler/internal/methods/blob.go:74.16,76.3 1 0
github.com/adobe/butler/internal/methods/blob.go:78.2,81.20 3 0
github.com/adobe/butler/internal/methods/blob.go:84.81,91.19 2 0
github.com/adobe/butler/internal/methods/blob.go:91.19,93.3 1 0
github.com/adobe/butler/internal/methods/blob.go:94.2,96.15 2 0
github.com/adobe/butler/internal/methods/blob.go:96.15,98.3 1 0
github.com/adobe/butler/internal/methods/blob.go:99.2,102.16 3 0
github.com/adobe/butler/internal/methods/blob.go:102.16,104.3 1 0
github.com/adobe/butler/internal/methods/blob.go:106.2,109.20 3 0
github.com/adobe/butler/internal/methods/blob.go:112.56,118.24 3 0
github.com/adobe/butler/internal/methods/blob.go:118.24,120.3 1 0
github.com/adobe/butler/internal/methods/blob.go:122.2,128.16 6 0
github.com/adobe/butler/internal/methods/blob.go:128.16,130.3 1 0
github.com/adobe/butler/internal/methods/blob.go:131.2,133.18 3 0
github.com/adobe/butler/internal/methods/blob.go:136.50,138.2 1 0
github.com/adobe/butler/internal/methods/blob.go:140.46,142.2 1 0
github.com/adobe/butler/internal/methods/blob.go:144.44,146.2 1 0
github.com/adobe/butler/internal/methods/etcd.go:47.60,59.2 1 0
github.com/adobe/butler/internal/methods/etcd.go:61.68,66.40 2 0
github.com/adobe/butler/internal/methods/etcd.go:66.40,68.17 2 0
github.com/adobe/butler/internal/methods/etcd.go:68.17,70.4 1 0
github.com/adobe/butler/internal/methods/etcd.go:71.3,72.28 2 0
github.com/adobe/butler/internal/methods/etcd.go:72.28,74.4 1 0
github.com/adobe/butler/internal/methods/etcd.go:75.3,85.17 5 0
github.com/adobe/butler/internal/methods/etcd.go:85.17,88.4 2 0
github.com/adobe/butler/internal/methods/etcd.go:89.3,91.40 3 0
github.com/adobe/butler/internal/methods/etcd.go:94.2,94.20 1 0
github.com/adobe/butler/internal/methods/etcd.go:97.94,109.16 4 0
github.com/adobe/butler/internal/methods/etcd.go:109.16,112.3 2 0
github.com/adobe/butler/internal/methods/etcd.go:113.2,117.20 5 0
github.com/adobe/butler/internal/methods/etcd.go:120.56,128.16 4 0
github.com/adobe/butler/internal/methods/etcd.go:128.16,131.3 2 0
github.com/adobe/butler/internal/methods/etcd.go:132.2,135.23 3 0
github.com/adobe/butler/internal/methods/etcd.go:138.115,140.2 1 0
github.com/adobe/butler/internal/methods/etcd.go:142.44,144.2 1 0
github.com/adobe/butler/internal/methods/file.go:36.68,44.40 3 0
github.com/adobe/butler/internal/methods/file.go:44.40,46.17 2 0
github.com/adobe/butler/internal/methods/file.go:46.17,48.4 1 0
github.com/adobe/butler/internal/methods/file.go:51.2,51.43 1 0
github.com/adobe/butler/internal/methods/file.go:51.43,53.3 1 0
github.com/adobe/butler/internal/methods/file.go:54.2,56.20 3 0
github.com/adobe/butler/internal/methods/file.go:59.55,68.2 4 0
github.com/adobe/butler/internal/methods/file.go:70.56,78.16 3 0
github.com/adobe/butler/internal/methods/file.go:78.16,81.3 1 0
github.com/adobe/butler/internal/methods/file.go:83.2,85.23 3 0
github.com/adobe/butler/internal/methods/file.go:88.44,90.2 1 0
github.com/adobe/butler/internal/methods/generic.go:27.71,29.2 1 0
github.com/adobe/butler/internal/methods/generic.go:31.59,36.2 2 0
github.com/adobe/butler/internal/methods/generic.go:38.47,40.2 1 0
github.com/adobe/butler/internal/methods/http.go:71.68,77.40 2 0
github.com/adobe/butler/internal/methods/http.go:77.40,79.17 2 0
github.com/adobe/butler/internal/methods/http.go:79.17,81.4 1 0
github.com/adobe/butler/internal/methods/http.go:84.2,85.21 2 0
github.com/adobe/butler/internal/methods/http.go:85.21,88.3 2 0
github.com/adobe/butler/internal/methods/http.go:90.2,91.21 2 0
github.com/adobe/butler/internal/methods/http.go:91.21,94.3 2 0
github.com/adobe/butler/internal/methods/http.go:96.2,97.26 2 0
github.com/adobe/butler/internal/methods/http.go:97.26,100.3 2 0
github.com/adobe/butler/internal/methods/http.go:102.2,103.26 2 0
github.com/adobe/butler/internal/methods/http.go:103.26,106.3 2 0
github.com/adobe/butler/internal/methods/http.go:108.2,122.20 12 0
github.com/adobe/butler/internal/methods/http.go:125.56,138.42 2 0
github.com/adobe/butler/internal/methods/http.go:138.42,140.3 1 0
github.com/adobe/butler/internal/methods/http.go:141.2,142.16 2 0
github.com/adobe/butler/internal/methods/http.go:142.16,144.3 1 0
github.com/adobe/butler/internal/methods/http.go:146.2,146.43 1 0
github.com/adobe/butler/internal/methods/http.go:146.43,148.21 2 0
github.com/adobe/butler/internal/methods/http.go:148.21,151.4 2 0
github.com/adobe/butler/internal/methods/http.go:152.3,153.46 2 0
github.com/adobe/butler/internal/methods/http.go:156.2,156.18 1 0
github.com/adobe/butler/internal/methods/http.go:157.15,158.78 1 0
github.com/adobe/butler/internal/methods/http.go:159.16,161.17 2 0
github.com/adobe/butler/internal/methods/http.go:161.17,163.4 1 0
github.com/adobe/butler/internal/methods/http.go:164.3,164.46 1 0
github.com/adobe/butler/internal/methods/http.go:164.46,171.4 6 0
github.com/adobe/butler/internal/methods/http.go:171.9,175.4 3 0
github.com/adobe/butler/internal/methods/http.go:176.19,177.94 1 0
github.com/adobe/butler/internal/methods/http.go:178.10,179.8 1 0
github.com/adobe/butler/internal/methods/http.go:184.2,184.133 1 0
github.com/adobe/butler/internal/methods/http.go:184.133,188.3 1 0
github.com/adobe/butler/internal/methods/http.go:190.2,191.16 2 0
github.com/adobe/butler/internal/methods/http.go:191.16,193.3 1 0
github.com/adobe/butler/internal/methods/http.go:194.2,196.18 3 0
github.com/adobe/butler/internal/methods/http.go:199.107,202.40 1 0
github.com/adobe/butler/internal/methods/http.go:202.40,206.3 3 0
github.com/adobe/butler/internal/methods/http.go:209.2,209.17 1 0
github.com/adobe/butler/internal/methods/http.go:209.17,214.53 1 0
github.com/adobe/butler/internal/methods/http.go:214.53,215.24 1 0
github.com/adobe/butler/internal/methods/http.go:215.24,217.5 1 0
github.com/adobe/butler/internal/methods/http.go:218.4,218.20 1 0
github.com/adobe/butler/internal/methods/http.go:222.2,222.19 1 0
github.com/adobe/butler/internal/methods/http.go:225.70,228.2 2 0
github.com/adobe/butler/internal/methods/http.go:230.33,234.2 3 0
github.com/adobe/butler/internal/methods/http.go:236.25,240.2 3 0
github.com/adobe/butler/internal/methods/http.go:242.67,252.2 7 0
github.com/adobe/butler/internal/methods/http.go:254.63,256.46 2 0
github.com/adobe/butler/internal/methods/http.go:256.46,259.37 3 0
github.com/adobe/butler/internal/methods/http.go:259.37,260.36 1 0
github.com/adobe/butler/internal/methods/http.go:260.36,261.31 1 0
github.com/adobe/butler/internal/methods/http.go:261.31,263.6 1 0
github.com/adobe/butler/internal/methods/http.go:267.2,267.15 1 0
github.com/adobe/butler/internal/methods/http.go:270.44,272.2 1 0
github.com/adobe/butler/internal/methods/methods.go:35.51,37.2 1 0
github.com/adobe/butler/internal/methods/methods.go:39.47,41.2 1 0
github.com/adobe/butler/internal/methods/methods.go:43.73,45.16 2 0
github.com/adobe/butler/internal/methods/methods.go:46.23,47.39 1 0
github.com/adobe/butler/internal/methods/methods.go:48.12,49.37 1 0
github.com/adobe/butler/internal/methods/methods.go:50.14,51.39 1 0
github.com/adobe/butler/internal/methods/methods.go:52.14,53.39 1 0
github.com/adobe/butler/internal/methods/methods.go:54.14,55.39 1 0
github.com/adobe/butler/internal/methods/methods.go:56.10,57.42 1 0
github.com/adobe/butler/internal/methods/s3.go:54.66,60.40 2 0
github.com/adobe/butler/internal/methods/s3.go:60.40,63.17 2 0
github.com/adobe/butler/internal/methods/s3.go:63.17,65.4 1 0
github.com/adobe/butler/internal/methods/s3.go:67.3,71.53 3 0
github.com/adobe/butler/internal/methods/s3.go:71.53,73.4 1 0
github.com/adobe/butler/internal/methods/s3.go:76.2,77.30 2 0
github.com/adobe/butler/internal/methods/s3.go:77.30,79.3 1 0
github.com/adobe/butler/internal/methods/s3.go:81.2,82.34 2 0
github.com/adobe/butler/internal/methods/s3.go:82.34,84.3 1 0
github.com/adobe/butler/internal/methods/s3.go:86.2,87.31 2 0
github.com/adobe/butler/internal/methods/s3.go:87.31,89.3 1 0
github.com/adobe/butler/internal/methods/s3.go:91.2,97.16 2 0
github.com/adobe/butler/internal/methods/s3.go:97.16,99.3 1 0
github.com/adobe/butler/internal/methods/s3.go:101.2,106.20 4 0
github.com/adobe/butler/internal/methods/s3.go:109.61,118.16 3 0
github.com/adobe/butler/internal/methods/s3.go:118.16,120.3 1 0
github.com/adobe/butler/internal/methods/s3.go:121.2,127.20 6 0
github.com/adobe/butler/internal/methods/s3.go:130.54,136.16 3 0
github.com/adobe/butler/internal/methods/s3.go:136.16,138.3 1 0
github.com/adobe/butler/internal/methods/s3.go:140.2,146.16 3 0
github.com/adobe/butler/internal/methods/s3.go:146.16,148.47 2 0
github.com/adobe/butler/internal/methods/s3.go:148.47,150.4 1 0
github.com/adobe/butler/internal/methods/s3.go:151.3,151.38 1 0
github.com/adobe/butler/internal/methods/s3.go:151.38,153.19 2 0
github.com/adobe/butler/internal/methods/s3.go:153.19,155.5 1 0
github.com/adobe/butler/internal/methods/s3.go:159.4,159.14 1 0
github.com/adobe/butler/internal/methods/s3.go:161.3,163.115 3 0
github.com/adobe/butler/internal/methods/s3.go:166.2,167.16 2 0
github.com/adobe/butler/internal/methods/s3.go:167.16,171.3 3 0
github.com/adobe/butler/internal/methods/s3.go:174.2,181.23 5 0
github.com/adobe/butler/internal/methods/s3.go:184.42,186.2 1 0
