mode: set
github.com/adobe/butler/internal/metrics/metrics.go:55.13,164.2 36 1
github.com/adobe/butler/internal/metrics/metrics.go:166.52,167.20 1 1
github.com/adobe/butler/internal/metrics/metrics.go:167.20,171.3 3 1
github.com/adobe/butler/internal/metrics/metrics.go:171.8,174.3 2 1
github.com/adobe/butler/internal/metrics/metrics.go:177.42,182.2 4 0
github.com/adobe/butler/internal/metrics/metrics.go:184.64,185.20 1 1
github.com/adobe/butler/internal/metrics/metrics.go:185.20,188.3 2 1
github.com/adobe/butler/internal/metrics/metrics.go:188.8,190.3 1 1
github.com/adobe/butler/internal/metrics/metrics.go:193.51,194.20 1 1
github.com/adobe/butler/internal/metrics/metrics.go:194.20,197.3 2 1
github.com/adobe/butler/internal/metrics/metrics.go:197.8,199.3 1 1
github.com/adobe/butler/internal/metrics/metrics.go:202.64,203.20 1 0
github.com/adobe/butler/internal/metrics/metrics.go:203.20,205.3 1 0
github.com/adobe/butler/internal/metrics/metrics.go:205.8,207.3 1 0
github.com/adobe/butler/internal/metrics/metrics.go:210.65,211.20 1 0
github.com/adobe/butler/internal/metrics/metrics.go:211.20,214.3 2 0
github.com/adobe/butler/internal/metrics/metrics.go:214.8,216.3 1 0
github.com/adobe/butler/internal/metrics/metrics.go:219.70,222.34 1 0
github.com/adobe/butler/internal/metrics/metrics.go:222.34,224.3 1 0
github.com/adobe/butler/internal/metrics/metrics.go:226.2,227.102 2 0
github.com/adobe/butler/internal/metrics/metrics.go:230.61,231.20 1 0
github.com/adobe/butler/internal/metrics/metrics.go:231.20,233.3 1 0
github.com/adobe/butler/internal/metrics/metrics.go:233.8,235.3 1 0
github.com/adobe/butler/internal/metrics/metrics.go:238.63,239.20 1 0
github.com/adobe/butler/internal/metrics/metrics.go:239.20,241.3 1 0
github.com/adobe/butler/internal/metrics/metrics.go:241.8,243.3 1 0
github.com/adobe/butler/internal/metrics/metrics.go:246.58,248.2 1 0
github.com/adobe/butler/internal/metrics/metrics.go:250.57,251.20 1 0
github.com/adobe/butler/internal/metrics/metrics.go:251.20,253.3 1 0
github.com/adobe/butler/internal/metrics/metrics.go:253.8,255.3 1 0
github.com/adobe/butler/internal/metrics/metrics.go:258.61,259.20 1 0
github.com/adobe/butler/internal/metrics/metrics.go:259.20,261.3 1 0
github.com/adobe/butler/internal/metrics/metrics.go:261.8,263.3 1 0
github.com/adobe/butler/internal/metrics/metrics.go:266.55,267.20 1 0
github.com/adobe/butler/internal/metrics/metrics.go:267.20,269.3 1 0
github.com/adobe/butler/internal/metrics/metrics.go:269.8,271.3 1 0
github.com/adobe/butler/internal/metrics/metrics.go:275.40,279.2 3 1
